# JRE version: Java(TM) SE Runtime Environment (8.0_144-b01) (build 1.8.0_144-b01)
# Java VM: Java HotSpot(TM) 64-Bit Server VM (25.144-b01 mixed mode bsd-amd64 compressed oops)
Heap:
 PSYoungGen      total 1161728K, used 102962K [0x000000076ab00000, 0x00000007be200000, 0x00000007c0000000)
  eden space 986112K, 1% used [0x000000076ab00000,0x000000076b9cbcb0,0x00000007a6e00000)
  from space 175616K, 50% used [0x00000007b3680000,0x00000007b8c40e60,0x00000007be200000)
  to   space 190464K, 0% used [0x00000007a6e00000,0x00000007a6e00000,0x00000007b2800000)
 ParOldGen       total 540672K, used 215077K [0x00000006c0000000, 0x00000006e1000000, 0x000000076ab00000)
  object space 540672K, 39% used [0x00000006c0000000,0x00000006cd209788,0x00000006e1000000)
 Metaspace       used 40349K, capacity 41018K, committed 41344K, reserved 1085440K
  class space    used 5739K, capacity 5898K, committed 6016K, reserved 1048576K
GC Heap History (10 events):
Event: 99.216 GC heap before
{Heap before GC invocations=58 (full 4):
 PSYoungGen      total 1126400K, used 885640K [0x000000076ab00000, 0x00000007c0000000, 0x00000007c0000000)
  eden space 884224K, 100% used [0x000000076ab00000,0x00000007a0a80000,0x00000007a0a80000)
  from space 242176K, 0% used [0x00000007a0a80000,0x00000007a0be2128,0x00000007af700000)
  to   space 241152K, 0% used [0x00000007b1480000,0x00000007b1480000,0x00000007c0000000)
 ParOldGen       total 540672K, used 214690K [0x00000006c0000000, 0x00000006e1000000, 0x000000076ab00000)
  object space 540672K, 39% used [0x00000006c0000000,0x00000006cd1a8a78,0x00000006e1000000)
 Metaspace       used 39381K, capacity 39960K, committed 40192K, reserved 1083392K
  class space    used 5653K, capacity 5781K, committed 5888K, reserved 1048576K
Event: 99.438 GC heap after
Heap after GC invocations=58 (full 4):
 PSYoungGen      total 1127936K, used 86119K [0x000000076ab00000, 0x00000007be500000, 0x00000007c0000000)
  eden space 914432K, 0% used [0x000000076ab00000,0x000000076ab00000,0x00000007a2800000)
  from space 213504K, 40% used [0x00000007b1480000,0x00000007b6899e68,0x00000007be500000)
  to   space 227840K, 0% used [0x00000007a2800000,0x00000007a2800000,0x00000007b0680000)
 ParOldGen       total 540672K, used 215013K [0x00000006c0000000, 0x00000006e1000000, 0x000000076ab00000)
  object space 540672K, 39% used [0x00000006c0000000,0x00000006cd1f9788,0x00000006e1000000)
 Metaspace       used 39381K, capacity 39960K, committed 40192K, reserved 1083392K
  class space    used 5653K, capacity 5781K, committed 5888K, reserved 1048576K
}
Event: 106.044 GC heap before
{Heap before GC invocations=59 (full 4):
 PSYoungGen      total 1127936K, used 1000551K [0x000000076ab00000, 0x00000007be500000, 0x00000007c0000000)
  eden space 914432K, 100% used [0x000000076ab00000,0x00000007a2800000,0x00000007a2800000)
  from space 213504K, 40% used [0x00000007b1480000,0x00000007b6899e68,0x00000007be500000)
  to   space 227840K, 0% used [0x00000007a2800000,0x00000007a2800000,0x00000007b0680000)
 ParOldGen       total 540672K, used 215013K [0x00000006c0000000, 0x00000006e1000000, 0x000000076ab00000)
  object space 540672K, 39% used [0x00000006c0000000,0x00000006cd1f9788,0x00000006e1000000)
 Metaspace       used 39945K, capacity 40562K, committed 40704K, reserved 1083392K
  class space    used 5729K, capacity 5860K, committed 5888K, reserved 1048576K
Event: 106.188 GC heap after
Heap after GC invocations=59 (full 4):
 PSYoungGen      total 1142272K, used 102789K [0x000000076ab00000, 0x00000007c0000000, 0x00000007c0000000)
  eden space 914432K, 0% used [0x000000076ab00000,0x000000076ab00000,0x00000007a2800000)
  from space 227840K, 45% used [0x00000007a2800000,0x00000007a8c616f0,0x00000007b0680000)
  to   space 222208K, 0% used [0x00000007b2700000,0x00000007b2700000,0x00000007c0000000)
 ParOldGen       total 540672K, used 215045K [0x00000006c0000000, 0x00000006e1000000, 0x000000076ab00000)
  object space 540672K, 39% used [0x00000006c0000000,0x00000006cd201788,0x00000006e1000000)
 Metaspace       used 39945K, capacity 40562K, committed 40704K, reserved 1083392K
  class space    used 5729K, capacity 5860K, committed 5888K, reserved 1048576K
}
Event: 111.748 GC heap before
{Heap before GC invocations=60 (full 4):
 PSYoungGen      total 1142272K, used 1017221K [0x000000076ab00000, 0x00000007c0000000, 0x00000007c0000000)
  eden space 914432K, 100% used [0x000000076ab00000,0x00000007a2800000,0x00000007a2800000)
  from space 227840K, 45% used [0x00000007a2800000,0x00000007a8c616f0,0x00000007b0680000)
  to   space 222208K, 0% used [0x00000007b2700000,0x00000007b2700000,0x00000007c0000000)
 ParOldGen       total 540672K, used 215045K [0x00000006c0000000, 0x00000006e1000000, 0x000000076ab00000)
  object space 540672K, 39% used [0x00000006c0000000,0x00000006cd201788,0x00000006e1000000)
 Metaspace       used 40106K, capacity 40734K, committed 41088K, reserved 1085440K
  class space    used 5736K, capacity 5894K, committed 6016K, reserved 1048576K
Event: 111.870 GC heap after
Heap after GC invocations=60 (full 4):
 PSYoungGen      total 1142784K, used 90823K [0x000000076ab00000, 0x00000007be580000, 0x00000007c0000000)
  eden space 947712K, 0% used [0x000000076ab00000,0x000000076ab00000,0x00000007a4880000)
  from space 195072K, 46% used [0x00000007b2700000,0x00000007b7fb1c00,0x00000007be580000)
  to   space 211456K, 0% used [0x00000007a4880000,0x00000007a4880000,0x00000007b1700000)
 ParOldGen       total 540672K, used 215069K [0x00000006c0000000, 0x00000006e1000000, 0x000000076ab00000)
  object space 540672K, 39% used [0x00000006c0000000,0x00000006cd207788,0x00000006e1000000)
 Metaspace       used 40106K, capacity 40734K, committed 41088K, reserved 1085440K
  class space    used 5736K, capacity 5894K, committed 6016K, reserved 1048576K
}
Event: 117.286 GC heap before
{Heap before GC invocations=61 (full 4):
 PSYoungGen      total 1142784K, used 1038535K [0x000000076ab00000, 0x00000007be580000, 0x00000007c0000000)
  eden space 947712K, 100% used [0x000000076ab00000,0x00000007a4880000,0x00000007a4880000)
  from space 195072K, 46% used [0x00000007b2700000,0x00000007b7fb1c00,0x00000007be580000)
  to   space 211456K, 0% used [0x00000007a4880000,0x00000007a4880000,0x00000007b1700000)
 ParOldGen       total 540672K, used 215069K [0x00000006c0000000, 0x00000006e1000000, 0x000000076ab00000)
  object space 540672K, 39% used [0x00000006c0000000,0x00000006cd207788,0x00000006e1000000)
 Metaspace       used 40222K, capacity 40810K, committed 41088K, reserved 1085440K
  class space    used 5738K, capacity 5896K, committed 6016K, reserved 1048576K
Event: 117.404 GC heap after
Heap after GC invocations=61 (full 4):
 PSYoungGen      total 1159168K, used 86144K [0x000000076ab00000, 0x00000007bfa00000, 0x00000007c0000000)
  eden space 947712K, 0% used [0x000000076ab00000,0x000000076ab00000,0x00000007a4880000)
  from space 211456K, 40% used [0x00000007a4880000,0x00000007a9ca01a8,0x00000007b1700000)
  to   space 200192K, 0% used [0x00000007b3680000,0x00000007b3680000,0x00000007bfa00000)
 ParOldGen       total 540672K, used 215069K [0x00000006c0000000, 0x00000006e1000000, 0x000000076ab00000)
  object space 540672K, 39% used [0x00000006c0000000,0x00000006cd207788,0x00000006e1000000)
 Metaspace       used 40222K, capacity 40810K, committed 41088K, reserved 1085440K
  class space    used 5738K, capacity 5896K, committed 6016K, reserved 1048576K
}
Event: 122.782 GC heap before
{Heap before GC invocations=62 (full 4):
 PSYoungGen      total 1159168K, used 1033856K [0x000000076ab00000, 0x00000007bfa00000, 0x00000007c0000000)
  eden space 947712K, 100% used [0x000000076ab00000,0x00000007a4880000,0x00000007a4880000)
  from space 211456K, 40% used [0x00000007a4880000,0x00000007a9ca01a8,0x00000007b1700000)
  to   space 200192K, 0% used [0x00000007b3680000,0x00000007b3680000,0x00000007bfa00000)
 ParOldGen       total 540672K, used 215069K [0x00000006c0000000, 0x00000006e1000000, 0x000000076ab00000)
  object space 540672K, 39% used [0x00000006c0000000,0x00000006cd207788,0x00000006e1000000)
 Metaspace       used 40347K, capacity 40954K, committed 41344K, reserved 1085440K
  class space    used 5739K, capacity 5898K, committed 6016K, reserved 1048576K
Event: 122.881 GC heap after
Heap after GC invocations=62 (full 4):
 PSYoungGen      total 1161728K, used 87811K [0x000000076ab00000, 0x00000007be200000, 0x00000007c0000000)
  eden space 986112K, 0% used [0x000000076ab00000,0x000000076ab00000,0x00000007a6e00000)
  from space 175616K, 50% used [0x00000007b3680000,0x00000007b8c40e60,0x00000007be200000)
  to   space 190464K, 0% used [0x00000007a6e00000,0x00000007a6e00000,0x00000007b2800000)
 ParOldGen       total 540672K, used 215077K [0x00000006c0000000, 0x00000006e1000000, 0x000000076ab00000)
  object space 540672K, 39% used [0x00000006c0000000,0x00000006cd209788,0x00000006e1000000)
 Metaspace       used 40347K, capacity 40954K, committed 41344K, reserved 1085440K
  class space    used 5739K, capacity 5898K, committed 6016K, reserved 1048576K
}

